<?xml version="1.0" encoding="UTF-8"?>
<!-- Generated by org.testng.reporters.JUnitXMLReporter -->
<testsuite ignored="0" hostname="DESKTOP-LRO9C4E" failures="0" tests="7" name="All Tests" time="18.678" errors="0" timestamp="2024-10-21T18:53:52 IST">
  <testcase classname="com.amazon.action.tests.TestPage" name="testSearchBoxIsDisplayed" time="0.107"/>
  <testcase classname="com.amazon.action.tests.TestPage" name="testSearchItem" time="2.538"/>
  <testcase classname="com.amazon.action.tests.TestPage" name="testAmazonLogoIsDisplayed" time="0.0">
    <skipped/>
  </testcase> <!-- testAmazonLogoIsDisplayed -->
  <testcase classname="com.amazon.action.tests.TestPage" name="testGoToTodaysDeals" time="0.0">
    <skipped/>
  </testcase> <!-- testGoToTodaysDeals -->
  <testcase classname="com.amazon.action.tests.TestPage" name="testSearchFunctionality" time="0.0">
    <skipped/>
  </testcase> <!-- testSearchFunctionality -->
  <testcase classname="com.amazon.action.tests.TestPage" name="testSearchBoxClear" time="0.0">
    <skipped/>
  </testcase> <!-- testSearchBoxClear -->
  <testcase classname="com.amazon.action.tests.TestPage" name="testDoubleClickSearchBox" time="0.0">
    <skipped/>
  </testcase> <!-- testDoubleClickSearchBox -->
</testsuite> <!-- All Tests -->
