<?xml version="1.0" encoding="UTF-8"?>
<!-- Generated by org.testng.reporters.JUnitXMLReporter -->
<testsuite ignored="1" hostname="DESKTOP-LRO9C4E" failures="6" tests="6" name="Combined Search and Sanity Tests" time="0.021" errors="0" timestamp="2024-10-21T18:53:33 IST">
  <testcase classname="com.amazon.action.tests.TestPage" name="testSearchBoxIsDisplayed" time="0.001">
    <failure type="java.lang.NullPointerException" message="Cannot invoke &amp;quot;com.amazon.action.pages.ActionPageClass.isSearchBoxDisplayed()&amp;quot; because &amp;quot;this.actionPage&amp;quot; is null">
      <![CDATA[java.lang.NullPointerException: Cannot invoke "com.amazon.action.pages.ActionPageClass.isSearchBoxDisplayed()" because "this.actionPage" is null
at com.amazon.action.tests.TestPage.testSearchBoxIsDisplayed(TestPage.java:26)
at java.base/java.util.ArrayList.forEach(ArrayList.java:1511)
... Removed 27 stack frames]]>
    </failure>
  </testcase> <!-- testSearchBoxIsDisplayed -->
  <testcase classname="com.amazon.action.tests.TestPage" name="testSearchItem" time="0.001">
    <failure type="java.lang.NullPointerException" message="Cannot invoke &amp;quot;com.amazon.action.pages.ActionPageClass.searchItem(String)&amp;quot; because &amp;quot;this.actionPage&amp;quot; is null">
      <![CDATA[java.lang.NullPointerException: Cannot invoke "com.amazon.action.pages.ActionPageClass.searchItem(String)" because "this.actionPage" is null
at com.amazon.action.tests.TestPage.testSearchItem(TestPage.java:31)
at java.base/java.util.ArrayList.forEach(ArrayList.java:1511)
... Removed 27 stack frames]]>
    </failure>
  </testcase> <!-- testSearchItem -->
  <testcase classname="com.amazon.action.tests.TestPage" name="testAmazonLogoIsDisplayed" time="0.001">
    <failure type="java.lang.NullPointerException" message="Cannot invoke &amp;quot;com.amazon.action.pages.ActionPageClass.isAmazonLogoDisplayed()&amp;quot; because &amp;quot;this.actionPage&amp;quot; is null">
      <![CDATA[java.lang.NullPointerException: Cannot invoke "com.amazon.action.pages.ActionPageClass.isAmazonLogoDisplayed()" because "this.actionPage" is null
at com.amazon.action.tests.TestPage.testAmazonLogoIsDisplayed(TestPage.java:40)
at java.base/java.util.ArrayList.forEach(ArrayList.java:1511)
... Removed 27 stack frames]]>
    </failure>
  </testcase> <!-- testAmazonLogoIsDisplayed -->
  <testcase classname="com.amazon.action.tests.TestPage" name="testSearchFunctionality" time="0.001">
    <failure type="java.lang.NullPointerException" message="Cannot invoke &amp;quot;com.amazon.action.pages.ActionPageClass.searchItem(String)&amp;quot; because &amp;quot;this.actionPage&amp;quot; is null">
      <![CDATA[java.lang.NullPointerException: Cannot invoke "com.amazon.action.pages.ActionPageClass.searchItem(String)" because "this.actionPage" is null
at com.amazon.action.tests.TestPage.testSearchFunctionality(TestPage.java:54)
at java.base/java.util.ArrayList.forEach(ArrayList.java:1511)
... Removed 27 stack frames]]>
    </failure>
  </testcase> <!-- testSearchFunctionality -->
  <testcase classname="com.amazon.action.tests.TestPage" name="testSearchBoxClear" time="0.0">
    <failure type="java.lang.NullPointerException" message="Cannot invoke &amp;quot;com.amazon.action.pages.ActionPageClass.searchItem(String)&amp;quot; because &amp;quot;this.actionPage&amp;quot; is null">
      <![CDATA[java.lang.NullPointerException: Cannot invoke "com.amazon.action.pages.ActionPageClass.searchItem(String)" because "this.actionPage" is null
at com.amazon.action.tests.TestPage.testSearchBoxClear(TestPage.java:62)
at java.base/java.util.ArrayList.forEach(ArrayList.java:1511)
... Removed 27 stack frames]]>
    </failure>
  </testcase> <!-- testSearchBoxClear -->
  <testcase classname="com.amazon.action.tests.TestPage" name="testDoubleClickSearchBox" time="0.001">
    <failure type="java.lang.NullPointerException" message="Cannot invoke &amp;quot;com.amazon.action.pages.ActionPageClass.searchItem(String)&amp;quot; because &amp;quot;this.actionPage&amp;quot; is null">
      <![CDATA[java.lang.NullPointerException: Cannot invoke "com.amazon.action.pages.ActionPageClass.searchItem(String)" because "this.actionPage" is null
at com.amazon.action.tests.TestPage.testDoubleClickSearchBox(TestPage.java:70)
at java.base/java.util.ArrayList.forEach(ArrayList.java:1511)
... Removed 27 stack frames]]>
    </failure>
  </testcase> <!-- testDoubleClickSearchBox -->
  <testcase classname="com.amazon.action.tests.TestPage" name="testGoToTodaysDeals" time="0.0">
    <ignored/>
  </testcase> <!-- testGoToTodaysDeals -->
</testsuite> <!-- Combined Search and Sanity Tests -->
