<?xml version="1.0" encoding="UTF-8"?>
<!-- Generated by org.testng.reporters.JUnitXMLReporter -->
<testsuite ignored="0" hostname="DESKTOP-LRO9C4E" failures="0" tests="7" name="Default test" time="98.251" errors="0" timestamp="2024-10-21T18:59:04 IST">
  <testcase classname="com.amazon.action.tests.TestPage" name="testSearchBoxIsDisplayed" time="0.087"/>
  <testcase classname="com.amazon.action.tests.TestPage" name="testSearchItem" time="2.241"/>
  <testcase classname="com.amazon.action.tests.TestPage" name="testAmazonLogoIsDisplayed" time="0.113"/>
  <testcase classname="com.amazon.action.tests.TestPage" name="testGoToTodaysDeals" time="6.97"/>
  <testcase classname="com.amazon.action.tests.TestPage" name="testSearchFunctionality" time="5.726"/>
  <testcase classname="com.amazon.action.tests.TestPage" name="testSearchBoxClear" time="6.051"/>
  <testcase classname="com.amazon.action.tests.TestPage" name="testDoubleClickSearchBox" time="3.054"/>
</testsuite> <!-- Default test -->
