<?xml version="1.0" encoding="UTF-8"?>
<testng-results ignored="0" total="7" passed="7" failed="0" skipped="0">
  <reporter-output>
  </reporter-output>
  <suite started-at="2024-10-21T18:57:26 IST" name="Default suite" finished-at="2024-10-21T18:59:04 IST" duration-ms="98251">
    <groups>
      <group name="search">
        <method signature="TestPage.testSearchBoxIsDisplayed()[pri:1, instance:com.amazon.action.tests.TestPage@53fb3dab]" name="testSearchBoxIsDisplayed" class="com.amazon.action.tests.TestPage"/>
        <method signature="TestPage.testSearchItem()[pri:2, instance:com.amazon.action.tests.TestPage@53fb3dab]" name="testSearchItem" class="com.amazon.action.tests.TestPage"/>
        <method signature="TestPage.testSearchFunctionality()[pri:5, instance:com.amazon.action.tests.TestPage@53fb3dab]" name="testSearchFunctionality" class="com.amazon.action.tests.TestPage"/>
        <method signature="TestPage.testSearchBoxClear()[pri:6, instance:com.amazon.action.tests.TestPage@53fb3dab]" name="testSearchBoxClear" class="com.amazon.action.tests.TestPage"/>
        <method signature="TestPage.testDoubleClickSearchBox()[pri:7, instance:com.amazon.action.tests.TestPage@53fb3dab]" name="testDoubleClickSearchBox" class="com.amazon.action.tests.TestPage"/>
      </group> <!-- search -->
      <group name="regression">
        <method signature="TestPage.testSearchItem()[pri:2, instance:com.amazon.action.tests.TestPage@53fb3dab]" name="testSearchItem" class="com.amazon.action.tests.TestPage"/>
        <method signature="TestPage.testGoToTodaysDeals()[pri:4, instance:com.amazon.action.tests.TestPage@53fb3dab]" name="testGoToTodaysDeals" class="com.amazon.action.tests.TestPage"/>
        <method signature="TestPage.testSearchFunctionality()[pri:5, instance:com.amazon.action.tests.TestPage@53fb3dab]" name="testSearchFunctionality" class="com.amazon.action.tests.TestPage"/>
        <method signature="TestPage.testDoubleClickSearchBox()[pri:7, instance:com.amazon.action.tests.TestPage@53fb3dab]" name="testDoubleClickSearchBox" class="com.amazon.action.tests.TestPage"/>
      </group> <!-- regression -->
      <group name="deals">
        <method signature="TestPage.testGoToTodaysDeals()[pri:4, instance:com.amazon.action.tests.TestPage@53fb3dab]" name="testGoToTodaysDeals" class="com.amazon.action.tests.TestPage"/>
      </group> <!-- deals -->
      <group name="logo">
        <method signature="TestPage.testAmazonLogoIsDisplayed()[pri:3, instance:com.amazon.action.tests.TestPage@53fb3dab]" name="testAmazonLogoIsDisplayed" class="com.amazon.action.tests.TestPage"/>
      </group> <!-- logo -->
      <group name="sanity">
        <method signature="TestPage.testSearchBoxIsDisplayed()[pri:1, instance:com.amazon.action.tests.TestPage@53fb3dab]" name="testSearchBoxIsDisplayed" class="com.amazon.action.tests.TestPage"/>
        <method signature="TestPage.testAmazonLogoIsDisplayed()[pri:3, instance:com.amazon.action.tests.TestPage@53fb3dab]" name="testAmazonLogoIsDisplayed" class="com.amazon.action.tests.TestPage"/>
        <method signature="TestPage.testSearchBoxClear()[pri:6, instance:com.amazon.action.tests.TestPage@53fb3dab]" name="testSearchBoxClear" class="com.amazon.action.tests.TestPage"/>
      </group> <!-- sanity -->
    </groups>
    <test started-at="2024-10-21T18:57:26 IST" name="Default test" finished-at="2024-10-21T18:59:04 IST" duration-ms="98251">
      <class name="com.amazon.action.tests.TestPage">
        <test-method is-config="true" signature="setUp()[pri:0, instance:com.amazon.action.tests.TestPage@53fb3dab]" started-at="2024-10-21T18:57:26 IST" name="setUp" finished-at="2024-10-21T18:57:35 IST" duration-ms="8723" status="PASS">
          <reporter-output>
          </reporter-output>
        </test-method> <!-- setUp -->
        <test-method signature="testSearchBoxIsDisplayed()[pri:1, instance:com.amazon.action.tests.TestPage@53fb3dab]" started-at="2024-10-21T18:57:35 IST" name="testSearchBoxIsDisplayed" finished-at="2024-10-21T18:57:35 IST" duration-ms="87" status="PASS">
          <reporter-output>
          </reporter-output>
        </test-method> <!-- testSearchBoxIsDisplayed -->
        <test-method is-config="true" signature="tearDown()[pri:0, instance:com.amazon.action.tests.TestPage@53fb3dab]" started-at="2024-10-21T18:57:35 IST" name="tearDown" finished-at="2024-10-21T18:57:36 IST" duration-ms="1460" status="PASS">
          <reporter-output>
          </reporter-output>
        </test-method> <!-- tearDown -->
        <test-method is-config="true" signature="setUp()[pri:0, instance:com.amazon.action.tests.TestPage@53fb3dab]" started-at="2024-10-21T18:57:36 IST" name="setUp" finished-at="2024-10-21T18:57:41 IST" duration-ms="4644" status="PASS">
          <reporter-output>
          </reporter-output>
        </test-method> <!-- setUp -->
        <test-method signature="testSearchItem()[pri:2, instance:com.amazon.action.tests.TestPage@53fb3dab]" started-at="2024-10-21T18:57:41 IST" name="testSearchItem" finished-at="2024-10-21T18:57:43 IST" duration-ms="2241" status="PASS">
          <reporter-output>
          </reporter-output>
        </test-method> <!-- testSearchItem -->
        <test-method is-config="true" signature="tearDown()[pri:0, instance:com.amazon.action.tests.TestPage@53fb3dab]" started-at="2024-10-21T18:57:43 IST" name="tearDown" finished-at="2024-10-21T18:57:45 IST" duration-ms="1337" status="PASS">
          <reporter-output>
          </reporter-output>
        </test-method> <!-- tearDown -->
        <test-method is-config="true" signature="setUp()[pri:0, instance:com.amazon.action.tests.TestPage@53fb3dab]" started-at="2024-10-21T18:57:45 IST" name="setUp" finished-at="2024-10-21T18:57:49 IST" duration-ms="4661" status="PASS">
          <reporter-output>
          </reporter-output>
        </test-method> <!-- setUp -->
        <test-method signature="testAmazonLogoIsDisplayed()[pri:3, instance:com.amazon.action.tests.TestPage@53fb3dab]" started-at="2024-10-21T18:57:49 IST" name="testAmazonLogoIsDisplayed" finished-at="2024-10-21T18:57:49 IST" duration-ms="113" status="PASS">
          <reporter-output>
          </reporter-output>
        </test-method> <!-- testAmazonLogoIsDisplayed -->
        <test-method is-config="true" signature="tearDown()[pri:0, instance:com.amazon.action.tests.TestPage@53fb3dab]" started-at="2024-10-21T18:57:49 IST" name="tearDown" finished-at="2024-10-21T18:57:51 IST" duration-ms="1399" status="PASS">
          <reporter-output>
          </reporter-output>
        </test-method> <!-- tearDown -->
        <test-method is-config="true" signature="setUp()[pri:0, instance:com.amazon.action.tests.TestPage@53fb3dab]" started-at="2024-10-21T18:57:51 IST" name="setUp" finished-at="2024-10-21T18:57:56 IST" duration-ms="4907" status="PASS">
          <reporter-output>
          </reporter-output>
        </test-method> <!-- setUp -->
        <test-method signature="testGoToTodaysDeals()[pri:4, instance:com.amazon.action.tests.TestPage@53fb3dab]" started-at="2024-10-21T18:57:56 IST" name="testGoToTodaysDeals" finished-at="2024-10-21T18:58:03 IST" duration-ms="6970" status="PASS">
          <reporter-output>
          </reporter-output>
        </test-method> <!-- testGoToTodaysDeals -->
        <test-method is-config="true" signature="tearDown()[pri:0, instance:com.amazon.action.tests.TestPage@53fb3dab]" started-at="2024-10-21T18:58:03 IST" name="tearDown" finished-at="2024-10-21T18:58:04 IST" duration-ms="1331" status="PASS">
          <reporter-output>
          </reporter-output>
        </test-method> <!-- tearDown -->
        <test-method is-config="true" signature="setUp()[pri:0, instance:com.amazon.action.tests.TestPage@53fb3dab]" started-at="2024-10-21T18:58:04 IST" name="setUp" finished-at="2024-10-21T18:58:30 IST" duration-ms="25506" status="PASS">
          <reporter-output>
          </reporter-output>
        </test-method> <!-- setUp -->
        <test-method signature="testSearchFunctionality()[pri:5, instance:com.amazon.action.tests.TestPage@53fb3dab]" started-at="2024-10-21T18:58:30 IST" name="testSearchFunctionality" finished-at="2024-10-21T18:58:35 IST" duration-ms="5726" status="PASS">
          <reporter-output>
          </reporter-output>
        </test-method> <!-- testSearchFunctionality -->
        <test-method is-config="true" signature="tearDown()[pri:0, instance:com.amazon.action.tests.TestPage@53fb3dab]" started-at="2024-10-21T18:58:35 IST" name="tearDown" finished-at="2024-10-21T18:58:37 IST" duration-ms="1541" status="PASS">
          <reporter-output>
          </reporter-output>
        </test-method> <!-- tearDown -->
        <test-method is-config="true" signature="setUp()[pri:0, instance:com.amazon.action.tests.TestPage@53fb3dab]" started-at="2024-10-21T18:58:37 IST" name="setUp" finished-at="2024-10-21T18:58:45 IST" duration-ms="7845" status="PASS">
          <reporter-output>
          </reporter-output>
        </test-method> <!-- setUp -->
        <test-method signature="testSearchBoxClear()[pri:6, instance:com.amazon.action.tests.TestPage@53fb3dab]" started-at="2024-10-21T18:58:45 IST" name="testSearchBoxClear" finished-at="2024-10-21T18:58:51 IST" duration-ms="6051" status="PASS">
          <reporter-output>
          </reporter-output>
        </test-method> <!-- testSearchBoxClear -->
        <test-method is-config="true" signature="tearDown()[pri:0, instance:com.amazon.action.tests.TestPage@53fb3dab]" started-at="2024-10-21T18:58:51 IST" name="tearDown" finished-at="2024-10-21T18:58:52 IST" duration-ms="1374" status="PASS">
          <reporter-output>
          </reporter-output>
        </test-method> <!-- tearDown -->
        <test-method is-config="true" signature="setUp()[pri:0, instance:com.amazon.action.tests.TestPage@53fb3dab]" started-at="2024-10-21T18:58:52 IST" name="setUp" finished-at="2024-10-21T18:59:00 IST" duration-ms="7827" status="PASS">
          <reporter-output>
          </reporter-output>
        </test-method> <!-- setUp -->
        <test-method signature="testDoubleClickSearchBox()[pri:7, instance:com.amazon.action.tests.TestPage@53fb3dab]" started-at="2024-10-21T18:59:00 IST" name="testDoubleClickSearchBox" finished-at="2024-10-21T18:59:03 IST" duration-ms="3054" status="PASS">
          <reporter-output>
          </reporter-output>
        </test-method> <!-- testDoubleClickSearchBox -->
        <test-method is-config="true" signature="tearDown()[pri:0, instance:com.amazon.action.tests.TestPage@53fb3dab]" started-at="2024-10-21T18:59:03 IST" name="tearDown" finished-at="2024-10-21T18:59:04 IST" duration-ms="1379" status="PASS">
          <reporter-output>
          </reporter-output>
        </test-method> <!-- tearDown -->
      </class> <!-- com.amazon.action.tests.TestPage -->
    </test> <!-- Default test -->
  </suite> <!-- Default suite -->
</testng-results>
